C:\Users\flacm\source\repos\Tura\Tura.DataAccess\EntityConfig\ConnectorEntityConfig.cs
setEntityBuilder 142
setEntityBuilder 15

C:\Users\flacm\source\repos\Tura\Tura.DataAccess\EntityConfig\CorrelationRuleEntityConfig.cs
setEntityBuilder 56
setEntityBuilder 0

C:\Users\flacm\source\repos\Tura\Tura.DataAccess\EntityConfig\Identity2UserEntityConfig.cs
setEntityBuilder 6
setEntityBuilder 0

C:\Users\flacm\source\repos\Tura\Tura.DataAccess\EntityConfig\IdentityEntityConfig.cs
setEntityBuilder 7
setEntityBuilder 0

C:\Users\flacm\source\repos\Tura\Tura.DataAccess\EntityConfig\UserEntityConfig.cs
setEntityBuilder 7
setEntityBuilder 0

C:\Users\flacm\source\repos\Tura\Tura.DataAccess\Migrations\20191121022032_InitialMigration.cs
Up 6
Up 0
Down 228
Down 46

C:\Users\flacm\source\repos\Tura\Tura.DataAccess\Migrations\20191121022032_InitialMigration.Designer.cs
BuildTargetModel 7
BuildTargetModel 0

C:\Users\flacm\source\repos\Tura\Tura.DataAccess\Migrations\TuraDBContextModelSnapshot.cs
BuildModel 7
BuildModel 0

C:\Users\flacm\source\repos\Tura\Tura.DataAccess\Repositories\ConnectorRepository.cs
Add 8
Add 0
DeleteAsync 10
DeleteAsync 0
Exist 9
Exist 0
Get 12
Get 0
GetAll 9
GetAll 0
Update 7
Update 0

C:\Users\flacm\source\repos\Tura\Tura.DataAccess\Repositories\CorrelationRulesRepository.cs
Add 7
Add 0
DeleteAsync 7
DeleteAsync 0
Exist 7
Exist 0
Get 11
Get 0
GetAll 12
GetAll 0
Update 9
Update 0

C:\Users\flacm\source\repos\Tura\Tura.DataAccess\Repositories\IdentityRepository.cs
Add 15
Add 0
DeleteAsync 12
DeleteAsync 0
Exist 20
Exist 0
Get 7
Get 0
GetAll 10
GetAll 0
Update 22
Update 0

C:\Users\flacm\source\repos\Tura\Tura.DataAccess\Repositories\UserRepository.cs
Add 20
Add 0
DeleteAsync 11
DeleteAsync 0
Exist 16
Exist 0
Get 7
Get 0
GetAll 17
GetAll 0
Update 7
Update 0

C:\Users\flacm\source\repos\Tura\Tura.DataAccess\TuraDBContext.cs
OnModelCreating 13
OnModelCreating 0

C:\Users\flacm\AppData\Local\Temp\.NETCoreApp,Version=v3.0.AssemblyAttributes.cs

C:\Users\flacm\source\repos\Tura\Tura.DataAccess\obj\Debug\netcoreapp3.0\Tura.DataAccess.AssemblyInfo.cs

