C:\Users\flacm\source\repos\Tura\Tura.DataAccess.Contracts\Entities\ConnectorEntity.cs

C:\Users\flacm\source\repos\Tura\Tura.DataAccess.Contracts\Entities\CorrelationRuleEntity.cs

C:\Users\flacm\source\repos\Tura\Tura.DataAccess.Contracts\Entities\Identity2UserEntity.cs

C:\Users\flacm\source\repos\Tura\Tura.DataAccess.Contracts\Entities\IdentityEntity.cs

C:\Users\flacm\source\repos\Tura\Tura.DataAccess.Contracts\Entities\UserEntity.cs

C:\Users\flacm\source\repos\Tura\Tura.DataAccess.Contracts\ITuraDBContext.cs
Set 9
Set 0
SaveChangesAsync 6
SaveChangesAsync 0
RemoveRange 7
RemoveRange 0
Update 10
Update 0

C:\Users\flacm\source\repos\Tura\Tura.DataAccess.Contracts\Repositories\IConnectorRepository.cs

C:\Users\flacm\source\repos\Tura\Tura.DataAccess.Contracts\Repositories\ICorrelationRulesRepository.cs

C:\Users\flacm\source\repos\Tura\Tura.DataAccess.Contracts\Repositories\IIdentityRepository.cs

C:\Users\flacm\source\repos\Tura\Tura.DataAccess.Contracts\Repositories\IRepository.cs
Exist 7
Exist 0
GetAll 6
GetAll 0
Get 6
Get 0
DeleteAsync 12
DeleteAsync 0
Update 9
Update 0
Add 12
Add 0

C:\Users\flacm\source\repos\Tura\Tura.DataAccess.Contracts\Repositories\IUserRepository.cs

C:\Users\flacm\AppData\Local\Temp\.NETCoreApp,Version=v3.0.AssemblyAttributes.cs

C:\Users\flacm\source\repos\Tura\Tura.DataAccess.Contracts\obj\Debug\netcoreapp3.0\Tura.DataAccess.Contracts.AssemblyInfo.cs

