C:\Users\flacm\source\repos\Tura\TuraFront\Controllers\WeatherForecastController.cs
Get 7
Get 0

C:\Users\flacm\source\repos\Tura\TuraFront\Pages\Error.cshtml.cs
OnGet 7
OnGet 0

C:\Users\flacm\source\repos\Tura\TuraFront\Program.cs
Main 58
Main 15
CreateWebHostBuilder 7
CreateWebHostBuilder 0

C:\Users\flacm\source\repos\Tura\TuraFront\Startup.cs
ConfigureServices 7
ConfigureServices 0
Configure 37
Configure 0

C:\Users\flacm\source\repos\Tura\TuraFront\WeatherForecast.cs

C:\Users\flacm\AppData\Local\Temp\.NETCoreApp,Version=v3.0.AssemblyAttributes.cs

C:\Users\flacm\source\repos\Tura\TuraFront\obj\Debug\netcoreapp3.0\TuraFront.MvcApplicationPartsAssemblyInfo.cs

C:\Users\flacm\source\repos\Tura\TuraFront\obj\Debug\netcoreapp3.0\TuraFront.RazorAssemblyInfo.cs

C:\Users\flacm\source\repos\Tura\TuraFront\obj\Debug\netcoreapp3.0\TuraFront.AssemblyInfo.cs

C:\Users\flacm\source\repos\Tura\TuraFront\obj\Debug\netcoreapp3.0\Razor\Pages\Error.cshtml.g.cs
ExecuteAsync 7
ExecuteAsync 0

C:\Users\flacm\source\repos\Tura\TuraFront\obj\Debug\netcoreapp3.0\Razor\Pages\_ViewImports.cshtml.g.cs
ExecuteAsync 7
ExecuteAsync 0

C:\Users\flacm\source\repos\Tura\TuraFront\obj\Debug\netcoreapp3.0\TuraFront.RazorTargetAssemblyInfo.cs

